Arguments: 
  /usr/local/Cellar/node/8.3.0/bin/node /usr/local/bin/yarn add react-router-dom animated react-transition-group

PATH: 
  /usr/local/bin:/usr/bin:/bin:/usr/sbin:/sbin:/usr/local/bin:/usr/local/jamf/bin:/usr/local/jamf/bin

Yarn version: 
  0.27.5

Node version: 
  8.3.0

Platform: 
  darwin x64

npm manifest: 
  {
    "name": "react-transition",
    "version": "0.1.0",
    "private": true,
    "dependencies": {
      "react": "^15.6.1",
      "react-dom": "^15.6.1",
      "react-scripts": "1.0.11"
    },
    "scripts": {
      "start": "react-scripts start",
      "build": "react-scripts build",
      "test": "react-scripts test --env=jsdom",
      "eject": "react-scripts eject"
    }
  }

yarn manifest: 
  No manifest

Lockfile: 
  No lockfile

Trace: 
  Error: self signed certificate in certificate chain
      at TLSSocket.<anonymous> (_tls_wrap.js:1098:38)
      at emitNone (events.js:105:13)
      at TLSSocket.emit (events.js:207:7)
      at TLSSocket._finishInit (_tls_wrap.js:628:8)
      at TLSWrap.ssl.onhandshakedone (_tls_wrap.js:458:38)
